0 info it worked if it ends with ok
1 verbose cli [ '/Users/hagio/.nvm/versions/node/v6.6.0/bin/node',
1 verbose cli   '/Users/hagio/.nvm/versions/node/v6.6.0/bin/npm',
1 verbose cli   'run',
1 verbose cli   'test' ]
2 info using npm@3.10.8
3 info using node@v6.6.0
4 verbose run-script [ 'pretest', 'test', 'posttest' ]
5 info lifecycle offline_caltrain@1.0.0~pretest: offline_caltrain@1.0.0
6 silly lifecycle offline_caltrain@1.0.0~pretest: no script for pretest, continuing
7 info lifecycle offline_caltrain@1.0.0~test: offline_caltrain@1.0.0
8 verbose lifecycle offline_caltrain@1.0.0~test: unsafe-perm in lifecycle true
9 verbose lifecycle offline_caltrain@1.0.0~test: PATH: /Users/hagio/.nvm/versions/node/v6.6.0/lib/node_modules/npm/bin/node-gyp-bin:/Users/hagio/dev/udacity/sr_web/offline-caltrain/node_modules/.bin:/Users/hagio/.nvm/versions/node/v6.6.0/bin:/Users/hagio/anaconda/bin:/Users/hagio/anaconda/bin:/usr/bin:/bin:/usr/sbin:/sbin:/usr/local/bin:/Users/hagio/dev/golang/bin:/Library/Frameworks/Python.framework/Versions/2.7/bin:/Users/hagio/.rbenv/shims:/Users/hagio/.rbenv/bin:/usr/local/rvm/gems/ruby-2.0.0-p247/bin:/usr/local/rvm/gems/ruby-2.0.0-p247@global/bin:/usr/local/rvm/rubies/ruby-2.0.0-p247/bin:/usr/local/rvm/bin:/usr/local/bin:/usr/bin:/bin:/usr/sbin:/sbin:/usr/local/deployd/bin:/usr/local/go/bin:/opt/ImageMagick/bin:/opt/sm/bin:/opt/sm/pkg/active/bin:/opt/sm/pkg/active/sbin
10 verbose lifecycle offline_caltrain@1.0.0~test: CWD: /Users/hagio/dev/udacity/sr_web/offline-caltrain
11 silly lifecycle offline_caltrain@1.0.0~test: Args: [ '-c', 'karma start' ]
12 silly lifecycle offline_caltrain@1.0.0~test: Returned: code: 1  signal: null
13 info lifecycle offline_caltrain@1.0.0~test: Failed to exec test script
14 verbose stack Error: offline_caltrain@1.0.0 test: `karma start`
14 verbose stack Exit status 1
14 verbose stack     at EventEmitter.<anonymous> (/Users/hagio/.nvm/versions/node/v6.6.0/lib/node_modules/npm/lib/utils/lifecycle.js:255:16)
14 verbose stack     at emitTwo (events.js:106:13)
14 verbose stack     at EventEmitter.emit (events.js:191:7)
14 verbose stack     at ChildProcess.<anonymous> (/Users/hagio/.nvm/versions/node/v6.6.0/lib/node_modules/npm/lib/utils/spawn.js:40:14)
14 verbose stack     at emitTwo (events.js:106:13)
14 verbose stack     at ChildProcess.emit (events.js:191:7)
14 verbose stack     at maybeClose (internal/child_process.js:877:16)
14 verbose stack     at Process.ChildProcess._handle.onexit (internal/child_process.js:226:5)
15 verbose pkgid offline_caltrain@1.0.0
16 verbose cwd /Users/hagio/dev/udacity/sr_web/offline-caltrain
17 error Darwin 15.6.0
18 error argv "/Users/hagio/.nvm/versions/node/v6.6.0/bin/node" "/Users/hagio/.nvm/versions/node/v6.6.0/bin/npm" "run" "test"
19 error node v6.6.0
20 error npm  v3.10.8
21 error code ELIFECYCLE
22 error offline_caltrain@1.0.0 test: `karma start`
22 error Exit status 1
23 error Failed at the offline_caltrain@1.0.0 test script 'karma start'.
23 error Make sure you have the latest version of node.js and npm installed.
23 error If you do, this is most likely a problem with the offline_caltrain package,
23 error not with npm itself.
23 error Tell the author that this fails on your system:
23 error     karma start
23 error You can get information on how to open an issue for this project with:
23 error     npm bugs offline_caltrain
23 error Or if that isn't available, you can get their info via:
23 error     npm owner ls offline_caltrain
23 error There is likely additional logging output above.
24 verbose exit [ 1, true ]
